2019-03-05 10:54:29
Full thread dump OpenJDK 64-Bit Server VM (25.111-b14 mixed mode):

"Attach Listener" #2517 daemon prio=9 os_prio=0 tid=0x00007f3238285000 nid=0xa05 waiting on condition [0x0000000000000000]
   java.lang.Thread.State: RUNNABLE

   Locked ownable synchronizers:
	- None

"XNIO-2 task-64" #95 prio=5 os_prio=0 tid=0x00007f323400c000 nid=0x6e waiting on condition [0x00007f3212bba000]
   java.lang.Thread.State: WAITING (parking)
	at sun.misc.Unsafe.park(Native Method)
	- parking to wait for  <0x00000000ccb7db80> (a java.util.concurrent.locks.AbstractQueuedSynchronizer$ConditionObject)
	at java.util.concurrent.locks.LockSupport.park(LockSupport.java:175)
	at java.util.concurrent.locks.AbstractQueuedSynchronizer$ConditionObject.await(AbstractQueuedSynchronizer.java:2039)
	at java.util.concurrent.LinkedBlockingQueue.take(LinkedBlockingQueue.java:442)
	at java.util.concurrent.ThreadPoolExecutor.getTask(ThreadPoolExecutor.java:1067)
	at java.util.concurrent.ThreadPoolExecutor.runWorker(ThreadPoolExecutor.java:1127)
	at java.util.concurrent.ThreadPoolExecutor$Worker.run(ThreadPoolExecutor.java:617)
	at java.lang.Thread.run(Thread.java:745)

   Locked ownable synchronizers:
	- None

"XNIO-2 task-63" #94 prio=5 os_prio=0 tid=0x00007f323400a000 nid=0x6d waiting on condition [0x00007f3212cbb000]
   java.lang.Thread.State: WAITING (parking)
	at sun.misc.Unsafe.park(Native Method)
	- parking to wait for  <0x00000000ccb7db80> (a java.util.concurrent.locks.AbstractQueuedSynchronizer$ConditionObject)
	at java.util.concurrent.locks.LockSupport.park(LockSupport.java:175)
	at java.util.concurrent.locks.AbstractQueuedSynchronizer$ConditionObject.await(AbstractQueuedSynchronizer.java:2039)
	at java.util.concurrent.LinkedBlockingQueue.take(LinkedBlockingQueue.java:442)
	at java.util.concurrent.ThreadPoolExecutor.getTask(ThreadPoolExecutor.java:1067)
	at java.util.concurrent.ThreadPoolExecutor.runWorker(ThreadPoolExecutor.java:1127)
	at java.util.concurrent.ThreadPoolExecutor$Worker.run(ThreadPoolExecutor.java:617)
	at java.lang.Thread.run(Thread.java:745)

   Locked ownable synchronizers:
	- None

"XNIO-2 task-62" #93 prio=5 os_prio=0 tid=0x00007f3234009000 nid=0x6c waiting on condition [0x00007f3212dbc000]
   java.lang.Thread.State: WAITING (parking)
	at sun.misc.Unsafe.park(Native Method)
	- parking to wait for  <0x00000000ccb7db80> (a java.util.concurrent.locks.AbstractQueuedSynchronizer$ConditionObject)
	at java.util.concurrent.locks.LockSupport.park(LockSupport.java:175)
	at java.util.concurrent.locks.AbstractQueuedSynchronizer$ConditionObject.await(AbstractQueuedSynchronizer.java:2039)
	at java.util.concurrent.LinkedBlockingQueue.take(LinkedBlockingQueue.java:442)
	at java.util.concurrent.ThreadPoolExecutor.getTask(ThreadPoolExecutor.java:1067)
	at java.util.concurrent.ThreadPoolExecutor.runWorker(ThreadPoolExecutor.java:1127)
	at java.util.concurrent.ThreadPoolExecutor$Worker.run(ThreadPoolExecutor.java:617)
	at java.lang.Thread.run(Thread.java:745)

   Locked ownable synchronizers:
	- None

"XNIO-2 task-61" #92 prio=5 os_prio=0 tid=0x00007f323c051800 nid=0x6b waiting on condition [0x00007f3212ebd000]
   java.lang.Thread.State: WAITING (parking)
	at sun.misc.Unsafe.park(Native Method)
	- parking to wait for  <0x00000000ccb7db80> (a java.util.concurrent.locks.AbstractQueuedSynchronizer$ConditionObject)
	at java.util.concurrent.locks.LockSupport.park(LockSupport.java:175)
	at java.util.concurrent.locks.AbstractQueuedSynchronizer$ConditionObject.await(AbstractQueuedSynchronizer.java:2039)
	at java.util.concurrent.LinkedBlockingQueue.take(LinkedBlockingQueue.java:442)
	at java.util.concurrent.ThreadPoolExecutor.getTask(ThreadPoolExecutor.java:1067)
	at java.util.concurrent.ThreadPoolExecutor.runWorker(ThreadPoolExecutor.java:1127)
	at java.util.concurrent.ThreadPoolExecutor$Worker.run(ThreadPoolExecutor.java:617)
	at java.lang.Thread.run(Thread.java:745)

   Locked ownable synchronizers:
	- None

"XNIO-2 task-60" #91 prio=5 os_prio=0 tid=0x00007f323c050000 nid=0x6a waiting on condition [0x00007f3212fbe000]
   java.lang.Thread.State: WAITING (parking)
	at sun.misc.Unsafe.park(Native Method)
	- parking to wait for  <0x00000000ccb7db80> (a java.util.concurrent.locks.AbstractQueuedSynchronizer$ConditionObject)
	at java.util.concurrent.locks.LockSupport.park(LockSupport.java:175)
	at java.util.concurrent.locks.AbstractQueuedSynchronizer$ConditionObject.await(AbstractQueuedSynchronizer.java:2039)
	at java.util.concurrent.LinkedBlockingQueue.take(LinkedBlockingQueue.java:442)
	at java.util.concurrent.ThreadPoolExecutor.getTask(ThreadPoolExecutor.java:1067)
	at java.util.concurrent.ThreadPoolExecutor.runWorker(ThreadPoolExecutor.java:1127)
	at java.util.concurrent.ThreadPoolExecutor$Worker.run(ThreadPoolExecutor.java:617)
	at java.lang.Thread.run(Thread.java:745)

   Locked ownable synchronizers:
	- None

"XNIO-2 task-59" #90 prio=5 os_prio=0 tid=0x00007f3234228000 nid=0x69 waiting on condition [0x00007f32130bf000]
   java.lang.Thread.State: WAITING (parking)
	at sun.misc.Unsafe.park(Native Method)
	- parking to wait for  <0x00000000ccb7db80> (a java.util.concurrent.locks.AbstractQueuedSynchronizer$ConditionObject)
	at java.util.concurrent.locks.LockSupport.park(LockSupport.java:175)
	at java.util.concurrent.locks.AbstractQueuedSynchronizer$ConditionObject.await(AbstractQueuedSynchronizer.java:2039)
	at java.util.concurrent.LinkedBlockingQueue.take(LinkedBlockingQueue.java:442)
	at java.util.concurrent.ThreadPoolExecutor.getTask(ThreadPoolExecutor.java:1067)
	at java.util.concurrent.ThreadPoolExecutor.runWorker(ThreadPoolExecutor.java:1127)
	at java.util.concurrent.ThreadPoolExecutor$Worker.run(ThreadPoolExecutor.java:617)
	at java.lang.Thread.run(Thread.java:745)

   Locked ownable synchronizers:
	- None

"XNIO-2 task-58" #89 prio=5 os_prio=0 tid=0x00007f323c04e000 nid=0x68 waiting on condition [0x00007f32131c0000]
   java.lang.Thread.State: WAITING (parking)
	at sun.misc.Unsafe.park(Native Method)
	- parking to wait for  <0x00000000ccb7db80> (a java.util.concurrent.locks.AbstractQueuedSynchronizer$ConditionObject)
	at java.util.concurrent.locks.LockSupport.park(LockSupport.java:175)
	at java.util.concurrent.locks.AbstractQueuedSynchronizer$ConditionObject.await(AbstractQueuedSynchronizer.java:2039)
	at java.util.concurrent.LinkedBlockingQueue.take(LinkedBlockingQueue.java:442)
	at java.util.concurrent.ThreadPoolExecutor.getTask(ThreadPoolExecutor.java:1067)
	at java.util.concurrent.ThreadPoolExecutor.runWorker(ThreadPoolExecutor.java:1127)
	at java.util.concurrent.ThreadPoolExecutor$Worker.run(ThreadPoolExecutor.java:617)
	at java.lang.Thread.run(Thread.java:745)

   Locked ownable synchronizers:
	- None

"XNIO-2 task-57" #88 prio=5 os_prio=0 tid=0x00007f3234226000 nid=0x67 waiting on condition [0x00007f32132c1000]
   java.lang.Thread.State: WAITING (parking)
	at sun.misc.Unsafe.park(Native Method)
	- parking to wait for  <0x00000000ccb7db80> (a java.util.concurrent.locks.AbstractQueuedSynchronizer$ConditionObject)
	at java.util.concurrent.locks.LockSupport.park(LockSupport.java:175)
	at java.util.concurrent.locks.AbstractQueuedSynchronizer$ConditionObject.await(AbstractQueuedSynchronizer.java:2039)
	at java.util.concurrent.LinkedBlockingQueue.take(LinkedBlockingQueue.java:442)
	at java.util.concurrent.ThreadPoolExecutor.getTask(ThreadPoolExecutor.java:1067)
	at java.util.concurrent.ThreadPoolExecutor.runWorker(ThreadPoolExecutor.java:1127)
	at java.util.concurrent.ThreadPoolExecutor$Worker.run(ThreadPoolExecutor.java:617)
	at java.lang.Thread.run(Thread.java:745)

   Locked ownable synchronizers:
	- None

"XNIO-2 task-56" #87 prio=5 os_prio=0 tid=0x00007f3234224800 nid=0x66 waiting on condition [0x00007f32133c2000]
   java.lang.Thread.State: WAITING (parking)
	at sun.misc.Unsafe.park(Native Method)
	- parking to wait for  <0x00000000ccb7db80> (a java.util.concurrent.locks.AbstractQueuedSynchronizer$ConditionObject)
	at java.util.concurrent.locks.LockSupport.park(LockSupport.java:175)
	at java.util.concurrent.locks.AbstractQueuedSynchronizer$ConditionObject.await(AbstractQueuedSynchronizer.java:2039)
	at java.util.concurrent.LinkedBlockingQueue.take(LinkedBlockingQueue.java:442)
	at java.util.concurrent.ThreadPoolExecutor.getTask(ThreadPoolExecutor.java:1067)
	at java.util.concurrent.ThreadPoolExecutor.runWorker(ThreadPoolExecutor.java:1127)
	at java.util.concurrent.ThreadPoolExecutor$Worker.run(ThreadPoolExecutor.java:617)
	at java.lang.Thread.run(Thread.java:745)

   Locked ownable synchronizers:
	- None

"XNIO-2 task-55" #86 prio=5 os_prio=0 tid=0x00007f3234222800 nid=0x65 waiting on condition [0x00007f32134c3000]
   java.lang.Thread.State: WAITING (parking)
	at sun.misc.Unsafe.park(Native Method)
	- parking to wait for  <0x00000000ccb7db80> (a java.util.concurrent.locks.AbstractQueuedSynchronizer$ConditionObject)
	at java.util.concurrent.locks.LockSupport.park(LockSupport.java:175)
	at java.util.concurrent.locks.AbstractQueuedSynchronizer$ConditionObject.await(AbstractQueuedSynchronizer.java:2039)
	at java.util.concurrent.LinkedBlockingQueue.take(LinkedBlockingQueue.java:442)
	at java.util.concurrent.ThreadPoolExecutor.getTask(ThreadPoolExecutor.java:1067)
	at java.util.concurrent.ThreadPoolExecutor.runWorker(ThreadPoolExecutor.java:1127)
	at java.util.concurrent.ThreadPoolExecutor$Worker.run(ThreadPoolExecutor.java:617)
	at java.lang.Thread.run(Thread.java:745)

   Locked ownable synchronizers:
	- None

"XNIO-2 task-54" #85 prio=5 os_prio=0 tid=0x00007f3234221000 nid=0x64 waiting on condition [0x00007f32135c4000]
   java.lang.Thread.State: WAITING (parking)
	at sun.misc.Unsafe.park(Native Method)
	- parking to wait for  <0x00000000ccb7db80> (a java.util.concurrent.locks.AbstractQueuedSynchronizer$ConditionObject)
	at java.util.concurrent.locks.LockSupport.park(LockSupport.java:175)
	at java.util.concurrent.locks.AbstractQueuedSynchronizer$ConditionObject.await(AbstractQueuedSynchronizer.java:2039)
	at java.util.concurrent.LinkedBlockingQueue.take(LinkedBlockingQueue.java:442)
	at java.util.concurrent.ThreadPoolExecutor.getTask(ThreadPoolExecutor.java:1067)
	at java.util.concurrent.ThreadPoolExecutor.runWorker(ThreadPoolExecutor.java:1127)
	at java.util.concurrent.ThreadPoolExecutor$Worker.run(ThreadPoolExecutor.java:617)
	at java.lang.Thread.run(Thread.java:745)

   Locked ownable synchronizers:
	- None

"XNIO-2 task-53" #84 prio=5 os_prio=0 tid=0x00007f323421f800 nid=0x63 waiting on condition [0x00007f32136c5000]
   java.lang.Thread.State: WAITING (parking)
	at sun.misc.Unsafe.park(Native Method)
	- parking to wait for  <0x00000000ccb7db80> (a java.util.concurrent.locks.AbstractQueuedSynchronizer$ConditionObject)
	at java.util.concurrent.locks.LockSupport.park(LockSupport.java:175)
	at java.util.concurrent.locks.AbstractQueuedSynchronizer$ConditionObject.await(AbstractQueuedSynchronizer.java:2039)
	at java.util.concurrent.LinkedBlockingQueue.take(LinkedBlockingQueue.java:442)
	at java.util.concurrent.ThreadPoolExecutor.getTask(ThreadPoolExecutor.java:1067)
	at java.util.concurrent.ThreadPoolExecutor.runWorker(ThreadPoolExecutor.java:1127)
	at java.util.concurrent.ThreadPoolExecutor$Worker.run(ThreadPoolExecutor.java:617)
	at java.lang.Thread.run(Thread.java:745)

   Locked ownable synchronizers:
	- None

"XNIO-2 task-52" #83 prio=5 os_prio=0 tid=0x00007f323c04c800 nid=0x62 waiting on condition [0x00007f32137c6000]
   java.lang.Thread.State: WAITING (parking)
	at sun.misc.Unsafe.park(Native Method)
	- parking to wait for  <0x00000000ccb7db80> (a java.util.concurrent.locks.AbstractQueuedSynchronizer$ConditionObject)
	at java.util.concurrent.locks.LockSupport.park(LockSupport.java:175)
	at java.util.concurrent.locks.AbstractQueuedSynchronizer$ConditionObject.await(AbstractQueuedSynchronizer.java:2039)
	at java.util.concurrent.LinkedBlockingQueue.take(LinkedBlockingQueue.java:442)
	at java.util.concurrent.ThreadPoolExecutor.getTask(ThreadPoolExecutor.java:1067)
	at java.util.concurrent.ThreadPoolExecutor.runWorker(ThreadPoolExecutor.java:1127)
	at java.util.concurrent.ThreadPoolExecutor$Worker.run(ThreadPoolExecutor.java:617)
	at java.lang.Thread.run(Thread.java:745)

   Locked ownable synchronizers:
	- None

"XNIO-2 task-51" #82 prio=5 os_prio=0 tid=0x00007f323403d800 nid=0x61 waiting on condition [0x00007f32138c7000]
   java.lang.Thread.State: WAITING (parking)
	at sun.misc.Unsafe.park(Native Method)
	- parking to wait for  <0x00000000ccb7db80> (a java.util.concurrent.locks.AbstractQueuedSynchronizer$ConditionObject)
	at java.util.concurrent.locks.LockSupport.park(LockSupport.java:175)
	at java.util.concurrent.locks.AbstractQueuedSynchronizer$ConditionObject.await(AbstractQueuedSynchronizer.java:2039)
	at java.util.concurrent.LinkedBlockingQueue.take(LinkedBlockingQueue.java:442)
	at java.util.concurrent.ThreadPoolExecutor.getTask(ThreadPoolExecutor.java:1067)
	at java.util.concurrent.ThreadPoolExecutor.runWorker(ThreadPoolExecutor.java:1127)
	at java.util.concurrent.ThreadPoolExecutor$Worker.run(ThreadPoolExecutor.java:617)
	at java.lang.Thread.run(Thread.java:745)

   Locked ownable synchronizers:
	- None

"XNIO-2 task-50" #81 prio=5 os_prio=0 tid=0x00007f323c04b000 nid=0x60 waiting on condition [0x00007f32139c8000]
   java.lang.Thread.State: WAITING (parking)
	at sun.misc.Unsafe.park(Native Method)
	- parking to wait for  <0x00000000ccb7db80> (a java.util.concurrent.locks.AbstractQueuedSynchronizer$ConditionObject)
	at java.util.concurrent.locks.LockSupport.park(LockSupport.java:175)
	at java.util.concurrent.locks.AbstractQueuedSynchronizer$ConditionObject.await(AbstractQueuedSynchronizer.java:2039)
	at java.util.concurrent.LinkedBlockingQueue.take(LinkedBlockingQueue.java:442)
	at java.util.concurrent.ThreadPoolExecutor.getTask(ThreadPoolExecutor.java:1067)
	at java.util.concurrent.ThreadPoolExecutor.runWorker(ThreadPoolExecutor.java:1127)
	at java.util.concurrent.ThreadPoolExecutor$Worker.run(ThreadPoolExecutor.java:617)
	at java.lang.Thread.run(Thread.java:745)

   Locked ownable synchronizers:
	- None

"XNIO-2 task-49" #80 prio=5 os_prio=0 tid=0x00007f323403c000 nid=0x5f waiting on condition [0x00007f3213ac9000]
   java.lang.Thread.State: WAITING (parking)
	at sun.misc.Unsafe.park(Native Method)
	- parking to wait for  <0x00000000ccb7db80> (a java.util.concurrent.locks.AbstractQueuedSynchronizer$ConditionObject)
	at java.util.concurrent.locks.LockSupport.park(LockSupport.java:175)
	at java.util.concurrent.locks.AbstractQueuedSynchronizer$ConditionObject.await(AbstractQueuedSynchronizer.java:2039)
	at java.util.concurrent.LinkedBlockingQueue.take(LinkedBlockingQueue.java:442)
	at java.util.concurrent.ThreadPoolExecutor.getTask(ThreadPoolExecutor.java:1067)
	at java.util.concurrent.ThreadPoolExecutor.runWorker(ThreadPoolExecutor.java:1127)
	at java.util.concurrent.ThreadPoolExecutor$Worker.run(ThreadPoolExecutor.java:617)
	at java.lang.Thread.run(Thread.java:745)

   Locked ownable synchronizers:
	- None

"XNIO-2 task-48" #79 prio=5 os_prio=0 tid=0x00007f323c049000 nid=0x5e waiting on condition [0x00007f3213bca000]
   java.lang.Thread.State: WAITING (parking)
	at sun.misc.Unsafe.park(Native Method)
	- parking to wait for  <0x00000000ccb7db80> (a java.util.concurrent.locks.AbstractQueuedSynchronizer$ConditionObject)
	at java.util.concurrent.locks.LockSupport.park(LockSupport.java:175)
	at java.util.concurrent.locks.AbstractQueuedSynchronizer$ConditionObject.await(AbstractQueuedSynchronizer.java:2039)
	at java.util.concurrent.LinkedBlockingQueue.take(LinkedBlockingQueue.java:442)
	at java.util.concurrent.ThreadPoolExecutor.getTask(ThreadPoolExecutor.java:1067)
	at java.util.concurrent.ThreadPoolExecutor.runWorker(ThreadPoolExecutor.java:1127)
	at java.util.concurrent.ThreadPoolExecutor$Worker.run(ThreadPoolExecutor.java:617)
	at java.lang.Thread.run(Thread.java:745)

   Locked ownable synchronizers:
	- None

"XNIO-2 task-47" #78 prio=5 os_prio=0 tid=0x00007f3234032000 nid=0x5d waiting on condition [0x00007f3213ccb000]
   java.lang.Thread.State: WAITING (parking)
	at sun.misc.Unsafe.park(Native Method)
	- parking to wait for  <0x00000000ccb7db80> (a java.util.concurrent.locks.AbstractQueuedSynchronizer$ConditionObject)
	at java.util.concurrent.locks.LockSupport.park(LockSupport.java:175)
	at java.util.concurrent.locks.AbstractQueuedSynchronizer$ConditionObject.await(AbstractQueuedSynchronizer.java:2039)
	at java.util.concurrent.LinkedBlockingQueue.take(LinkedBlockingQueue.java:442)
	at java.util.concurrent.ThreadPoolExecutor.getTask(ThreadPoolExecutor.java:1067)
	at java.util.concurrent.ThreadPoolExecutor.runWorker(ThreadPoolExecutor.java:1127)
	at java.util.concurrent.ThreadPoolExecutor$Worker.run(ThreadPoolExecutor.java:617)
	at java.lang.Thread.run(Thread.java:745)

   Locked ownable synchronizers:
	- None

"XNIO-2 task-46" #77 prio=5 os_prio=0 tid=0x00007f3234030000 nid=0x5c waiting on condition [0x00007f3213dcc000]
   java.lang.Thread.State: WAITING (parking)
	at sun.misc.Unsafe.park(Native Method)
	- parking to wait for  <0x00000000ccb7db80> (a java.util.concurrent.locks.AbstractQueuedSynchronizer$ConditionObject)
	at java.util.concurrent.locks.LockSupport.park(LockSupport.java:175)
	at java.util.concurrent.locks.AbstractQueuedSynchronizer$ConditionObject.await(AbstractQueuedSynchronizer.java:2039)
	at java.util.concurrent.LinkedBlockingQueue.take(LinkedBlockingQueue.java:442)
	at java.util.concurrent.ThreadPoolExecutor.getTask(ThreadPoolExecutor.java:1067)
	at java.util.concurrent.ThreadPoolExecutor.runWorker(ThreadPoolExecutor.java:1127)
	at java.util.concurrent.ThreadPoolExecutor$Worker.run(ThreadPoolExecutor.java:617)
	at java.lang.Thread.run(Thread.java:745)

   Locked ownable synchronizers:
	- None

"XNIO-2 task-45" #76 prio=5 os_prio=0 tid=0x00007f323c03f000 nid=0x5b waiting on condition [0x00007f3213ecd000]
   java.lang.Thread.State: WAITING (parking)
	at sun.misc.Unsafe.park(Native Method)
	- parking to wait for  <0x00000000ccb7db80> (a java.util.concurrent.locks.AbstractQueuedSynchronizer$ConditionObject)
	at java.util.concurrent.locks.LockSupport.park(LockSupport.java:175)
	at java.util.concurrent.locks.AbstractQueuedSynchronizer$ConditionObject.await(AbstractQueuedSynchronizer.java:2039)
	at java.util.concurrent.LinkedBlockingQueue.take(LinkedBlockingQueue.java:442)
	at java.util.concurrent.ThreadPoolExecutor.getTask(ThreadPoolExecutor.java:1067)
	at java.util.concurrent.ThreadPoolExecutor.runWorker(ThreadPoolExecutor.java:1127)
	at java.util.concurrent.ThreadPoolExecutor$Worker.run(ThreadPoolExecutor.java:617)
	at java.lang.Thread.run(Thread.java:745)

   Locked ownable synchronizers:
	- None

"XNIO-2 task-44" #75 prio=5 os_prio=0 tid=0x00007f323402e000 nid=0x5a waiting on condition [0x00007f3213fce000]
   java.lang.Thread.State: WAITING (parking)
	at sun.misc.Unsafe.park(Native Method)
	- parking to wait for  <0x00000000ccb7db80> (a java.util.concurrent.locks.AbstractQueuedSynchronizer$ConditionObject)
	at java.util.concurrent.locks.LockSupport.park(LockSupport.java:175)
	at java.util.concurrent.locks.AbstractQueuedSynchronizer$ConditionObject.await(AbstractQueuedSynchronizer.java:2039)
	at java.util.concurrent.LinkedBlockingQueue.take(LinkedBlockingQueue.java:442)
	at java.util.concurrent.ThreadPoolExecutor.getTask(ThreadPoolExecutor.java:1067)
	at java.util.concurrent.ThreadPoolExecutor.runWorker(ThreadPoolExecutor.java:1127)
	at java.util.concurrent.ThreadPoolExecutor$Worker.run(ThreadPoolExecutor.java:617)
	at java.lang.Thread.run(Thread.java:745)

   Locked ownable synchronizers:
	- None

"XNIO-2 task-43" #74 prio=5 os_prio=0 tid=0x00007f323c03d800 nid=0x59 waiting on condition [0x00007f32140cf000]
   java.lang.Thread.State: WAITING (parking)
	at sun.misc.Unsafe.park(Native Method)
	- parking to wait for  <0x00000000ccb7db80> (a java.util.concurrent.locks.AbstractQueuedSynchronizer$ConditionObject)
	at java.util.concurrent.locks.LockSupport.park(LockSupport.java:175)
	at java.util.concurrent.locks.AbstractQueuedSynchronizer$ConditionObject.await(AbstractQueuedSynchronizer.java:2039)
	at java.util.concurrent.LinkedBlockingQueue.take(LinkedBlockingQueue.java:442)
	at java.util.concurrent.ThreadPoolExecutor.getTask(ThreadPoolExecutor.java:1067)
	at java.util.concurrent.ThreadPoolExecutor.runWorker(ThreadPoolExecutor.java:1127)
	at java.util.concurrent.ThreadPoolExecutor$Worker.run(ThreadPoolExecutor.java:617)
	at java.lang.Thread.run(Thread.java:745)

   Locked ownable synchronizers:
	- None

"XNIO-2 task-42" #73 prio=5 os_prio=0 tid=0x00007f323402c800 nid=0x58 waiting on condition [0x00007f32141d0000]
   java.lang.Thread.State: WAITING (parking)
	at sun.misc.Unsafe.park(Native Method)
	- parking to wait for  <0x00000000ccb7db80> (a java.util.concurrent.locks.AbstractQueuedSynchronizer$ConditionObject)
	at java.util.concurrent.locks.LockSupport.park(LockSupport.java:175)
	at java.util.concurrent.locks.AbstractQueuedSynchronizer$ConditionObject.await(AbstractQueuedSynchronizer.java:2039)
	at java.util.concurrent.LinkedBlockingQueue.take(LinkedBlockingQueue.java:442)
	at java.util.concurrent.ThreadPoolExecutor.getTask(ThreadPoolExecutor.java:1067)
	at java.util.concurrent.ThreadPoolExecutor.runWorker(ThreadPoolExecutor.java:1127)
	at java.util.concurrent.ThreadPoolExecutor$Worker.run(ThreadPoolExecutor.java:617)
	at java.lang.Thread.run(Thread.java:745)

   Locked ownable synchronizers:
	- None

"XNIO-2 task-41" #72 prio=5 os_prio=0 tid=0x00007f323402b000 nid=0x57 waiting on condition [0x00007f32142d1000]
   java.lang.Thread.State: WAITING (parking)
	at sun.misc.Unsafe.park(Native Method)
	- parking to wait for  <0x00000000ccb7db80> (a java.util.concurrent.locks.AbstractQueuedSynchronizer$ConditionObject)
	at java.util.concurrent.locks.LockSupport.park(LockSupport.java:175)
	at java.util.concurrent.locks.AbstractQueuedSynchronizer$ConditionObject.await(AbstractQueuedSynchronizer.java:2039)
	at java.util.concurrent.LinkedBlockingQueue.take(LinkedBlockingQueue.java:442)
	at java.util.concurrent.ThreadPoolExecutor.getTask(ThreadPoolExecutor.java:1067)
	at java.util.concurrent.ThreadPoolExecutor.runWorker(ThreadPoolExecutor.java:1127)
	at java.util.concurrent.ThreadPoolExecutor$Worker.run(ThreadPoolExecutor.java:617)
	at java.lang.Thread.run(Thread.java:745)

   Locked ownable synchronizers:
	- None

"XNIO-2 task-40" #71 prio=5 os_prio=0 tid=0x00007f3234029000 nid=0x56 waiting on condition [0x00007f32143d2000]
   java.lang.Thread.State: WAITING (parking)
	at sun.misc.Unsafe.park(Native Method)
	- parking to wait for  <0x00000000ccb7db80> (a java.util.concurrent.locks.AbstractQueuedSynchronizer$ConditionObject)
	at java.util.concurrent.locks.LockSupport.park(LockSupport.java:175)
	at java.util.concurrent.locks.AbstractQueuedSynchronizer$ConditionObject.await(AbstractQueuedSynchronizer.java:2039)
	at java.util.concurrent.LinkedBlockingQueue.take(LinkedBlockingQueue.java:442)
	at java.util.concurrent.ThreadPoolExecutor.getTask(ThreadPoolExecutor.java:1067)
	at java.util.concurrent.ThreadPoolExecutor.runWorker(ThreadPoolExecutor.java:1127)
	at java.util.concurrent.ThreadPoolExecutor$Worker.run(ThreadPoolExecutor.java:617)
	at java.lang.Thread.run(Thread.java:745)

   Locked ownable synchronizers:
	- None

"XNIO-2 task-39" #70 prio=5 os_prio=0 tid=0x00007f323c03b800 nid=0x55 waiting on condition [0x00007f32144d3000]
   java.lang.Thread.State: WAITING (parking)
	at sun.misc.Unsafe.park(Native Method)
	- parking to wait for  <0x00000000ccb7db80> (a java.util.concurrent.locks.AbstractQueuedSynchronizer$ConditionObject)
	at java.util.concurrent.locks.LockSupport.park(LockSupport.java:175)
	at java.util.concurrent.locks.AbstractQueuedSynchronizer$ConditionObject.await(AbstractQueuedSynchronizer.java:2039)
	at java.util.concurrent.LinkedBlockingQueue.take(LinkedBlockingQueue.java:442)
	at java.util.concurrent.ThreadPoolExecutor.getTask(ThreadPoolExecutor.java:1067)
	at java.util.concurrent.ThreadPoolExecutor.runWorker(ThreadPoolExecutor.java:1127)
	at java.util.concurrent.ThreadPoolExecutor$Worker.run(ThreadPoolExecutor.java:617)
	at java.lang.Thread.run(Thread.java:745)

   Locked ownable synchronizers:
	- None

"XNIO-2 task-38" #69 prio=5 os_prio=0 tid=0x00007f3234027800 nid=0x54 waiting on condition [0x00007f32145d4000]
   java.lang.Thread.State: WAITING (parking)
	at sun.misc.Unsafe.park(Native Method)
	- parking to wait for  <0x00000000ccb7db80> (a java.util.concurrent.locks.AbstractQueuedSynchronizer$ConditionObject)
	at java.util.concurrent.locks.LockSupport.park(LockSupport.java:175)
	at java.util.concurrent.locks.AbstractQueuedSynchronizer$ConditionObject.await(AbstractQueuedSynchronizer.java:2039)
	at java.util.concurrent.LinkedBlockingQueue.take(LinkedBlockingQueue.java:442)
	at java.util.concurrent.ThreadPoolExecutor.getTask(ThreadPoolExecutor.java:1067)
	at java.util.concurrent.ThreadPoolExecutor.runWorker(ThreadPoolExecutor.java:1127)
	at java.util.concurrent.ThreadPoolExecutor$Worker.run(ThreadPoolExecutor.java:617)
	at java.lang.Thread.run(Thread.java:745)

   Locked ownable synchronizers:
	- None

"XNIO-2 task-37" #68 prio=5 os_prio=0 tid=0x00007f3234024800 nid=0x53 waiting on condition [0x00007f32146d5000]
   java.lang.Thread.State: WAITING (parking)
	at sun.misc.Unsafe.park(Native Method)
	- parking to wait for  <0x00000000ccb7db80> (a java.util.concurrent.locks.AbstractQueuedSynchronizer$ConditionObject)
	at java.util.concurrent.locks.LockSupport.park(LockSupport.java:175)
	at java.util.concurrent.locks.AbstractQueuedSynchronizer$ConditionObject.await(AbstractQueuedSynchronizer.java:2039)
	at java.util.concurrent.LinkedBlockingQueue.take(LinkedBlockingQueue.java:442)
	at java.util.concurrent.ThreadPoolExecutor.getTask(ThreadPoolExecutor.java:1067)
	at java.util.concurrent.ThreadPoolExecutor.runWorker(ThreadPoolExecutor.java:1127)
	at java.util.concurrent.ThreadPoolExecutor$Worker.run(ThreadPoolExecutor.java:617)
	at java.lang.Thread.run(Thread.java:745)

   Locked ownable synchronizers:
	- None

"XNIO-2 task-36" #67 prio=5 os_prio=0 tid=0x00007f3234022800 nid=0x52 waiting on condition [0x00007f32147d6000]
   java.lang.Thread.State: WAITING (parking)
	at sun.misc.Unsafe.park(Native Method)
	- parking to wait for  <0x00000000ccb7db80> (a java.util.concurrent.locks.AbstractQueuedSynchronizer$ConditionObject)
	at java.util.concurrent.locks.LockSupport.park(LockSupport.java:175)
	at java.util.concurrent.locks.AbstractQueuedSynchronizer$ConditionObject.await(AbstractQueuedSynchronizer.java:2039)
	at java.util.concurrent.LinkedBlockingQueue.take(LinkedBlockingQueue.java:442)
	at java.util.concurrent.ThreadPoolExecutor.getTask(ThreadPoolExecutor.java:1067)
	at java.util.concurrent.ThreadPoolExecutor.runWorker(ThreadPoolExecutor.java:1127)
	at java.util.concurrent.ThreadPoolExecutor$Worker.run(ThreadPoolExecutor.java:617)
	at java.lang.Thread.run(Thread.java:745)

   Locked ownable synchronizers:
	- None

"XNIO-2 task-35" #66 prio=5 os_prio=0 tid=0x00007f323c03a000 nid=0x51 waiting on condition [0x00007f32148d7000]
   java.lang.Thread.State: WAITING (parking)
	at sun.misc.Unsafe.park(Native Method)
	- parking to wait for  <0x00000000ccb7db80> (a java.util.concurrent.locks.AbstractQueuedSynchronizer$ConditionObject)
	at java.util.concurrent.locks.LockSupport.park(LockSupport.java:175)
	at java.util.concurrent.locks.AbstractQueuedSynchronizer$ConditionObject.await(AbstractQueuedSynchronizer.java:2039)
	at java.util.concurrent.LinkedBlockingQueue.take(LinkedBlockingQueue.java:442)
	at java.util.concurrent.ThreadPoolExecutor.getTask(ThreadPoolExecutor.java:1067)
	at java.util.concurrent.ThreadPoolExecutor.runWorker(ThreadPoolExecutor.java:1127)
	at java.util.concurrent.ThreadPoolExecutor$Worker.run(ThreadPoolExecutor.java:617)
	at java.lang.Thread.run(Thread.java:745)

   Locked ownable synchronizers:
	- None

"XNIO-2 task-34" #65 prio=5 os_prio=0 tid=0x00007f323c038800 nid=0x50 waiting on condition [0x00007f32149d8000]
   java.lang.Thread.State: WAITING (parking)
	at sun.misc.Unsafe.park(Native Method)
	- parking to wait for  <0x00000000ccb7db80> (a java.util.concurrent.locks.AbstractQueuedSynchronizer$ConditionObject)
	at java.util.concurrent.locks.LockSupport.park(LockSupport.java:175)
	at java.util.concurrent.locks.AbstractQueuedSynchronizer$ConditionObject.await(AbstractQueuedSynchronizer.java:2039)
	at java.util.concurrent.LinkedBlockingQueue.take(LinkedBlockingQueue.java:442)
	at java.util.concurrent.ThreadPoolExecutor.getTask(ThreadPoolExecutor.java:1067)
	at java.util.concurrent.ThreadPoolExecutor.runWorker(ThreadPoolExecutor.java:1127)
	at java.util.concurrent.ThreadPoolExecutor$Worker.run(ThreadPoolExecutor.java:617)
	at java.lang.Thread.run(Thread.java:745)

   Locked ownable synchronizers:
	- None

"XNIO-2 task-33" #64 prio=5 os_prio=0 tid=0x00007f3234020800 nid=0x4f waiting on condition [0x00007f3214ad9000]
   java.lang.Thread.State: WAITING (parking)
	at sun.misc.Unsafe.park(Native Method)
	- parking to wait for  <0x00000000ccb7db80> (a java.util.concurrent.locks.AbstractQueuedSynchronizer$ConditionObject)
	at java.util.concurrent.locks.LockSupport.park(LockSupport.java:175)
	at java.util.concurrent.locks.AbstractQueuedSynchronizer$ConditionObject.await(AbstractQueuedSynchronizer.java:2039)
	at java.util.concurrent.LinkedBlockingQueue.take(LinkedBlockingQueue.java:442)
	at java.util.concurrent.ThreadPoolExecutor.getTask(ThreadPoolExecutor.java:1067)
	at java.util.concurrent.ThreadPoolExecutor.runWorker(ThreadPoolExecutor.java:1127)
	at java.util.concurrent.ThreadPoolExecutor$Worker.run(ThreadPoolExecutor.java:617)
	at java.lang.Thread.run(Thread.java:745)

   Locked ownable synchronizers:
	- None

"XNIO-2 task-32" #63 prio=5 os_prio=0 tid=0x00007f323401f000 nid=0x4e waiting on condition [0x00007f3214bda000]
   java.lang.Thread.State: WAITING (parking)
	at sun.misc.Unsafe.park(Native Method)
	- parking to wait for  <0x00000000ccb7db80> (a java.util.concurrent.locks.AbstractQueuedSynchronizer$ConditionObject)
	at java.util.concurrent.locks.LockSupport.park(LockSupport.java:175)
	at java.util.concurrent.locks.AbstractQueuedSynchronizer$ConditionObject.await(AbstractQueuedSynchronizer.java:2039)
	at java.util.concurrent.LinkedBlockingQueue.take(LinkedBlockingQueue.java:442)
	at java.util.concurrent.ThreadPoolExecutor.getTask(ThreadPoolExecutor.java:1067)
	at java.util.concurrent.ThreadPoolExecutor.runWorker(ThreadPoolExecutor.java:1127)
	at java.util.concurrent.ThreadPoolExecutor$Worker.run(ThreadPoolExecutor.java:617)
	at java.lang.Thread.run(Thread.java:745)

   Locked ownable synchronizers:
	- None

"XNIO-2 task-31" #62 prio=5 os_prio=0 tid=0x00007f323c02e800 nid=0x4d waiting on condition [0x00007f3214cdb000]
   java.lang.Thread.State: WAITING (parking)
	at sun.misc.Unsafe.park(Native Method)
	- parking to wait for  <0x00000000ccb7db80> (a java.util.concurrent.locks.AbstractQueuedSynchronizer$ConditionObject)
	at java.util.concurrent.locks.LockSupport.park(LockSupport.java:175)
	at java.util.concurrent.locks.AbstractQueuedSynchronizer$ConditionObject.await(AbstractQueuedSynchronizer.java:2039)
	at java.util.concurrent.LinkedBlockingQueue.take(LinkedBlockingQueue.java:442)
	at java.util.concurrent.ThreadPoolExecutor.getTask(ThreadPoolExecutor.java:1067)
	at java.util.concurrent.ThreadPoolExecutor.runWorker(ThreadPoolExecutor.java:1127)
	at java.util.concurrent.ThreadPoolExecutor$Worker.run(ThreadPoolExecutor.java:617)
	at java.lang.Thread.run(Thread.java:745)

   Locked ownable synchronizers:
	- None

"XNIO-2 task-30" #61 prio=5 os_prio=0 tid=0x00007f3234018800 nid=0x4c waiting on condition [0x00007f3214ddc000]
   java.lang.Thread.State: WAITING (parking)
	at sun.misc.Unsafe.park(Native Method)
	- parking to wait for  <0x00000000ccb7db80> (a java.util.concurrent.locks.AbstractQueuedSynchronizer$ConditionObject)
	at java.util.concurrent.locks.LockSupport.park(LockSupport.java:175)
	at java.util.concurrent.locks.AbstractQueuedSynchronizer$ConditionObject.await(AbstractQueuedSynchronizer.java:2039)
	at java.util.concurrent.LinkedBlockingQueue.take(LinkedBlockingQueue.java:442)
	at java.util.concurrent.ThreadPoolExecutor.getTask(ThreadPoolExecutor.java:1067)
	at java.util.concurrent.ThreadPoolExecutor.runWorker(ThreadPoolExecutor.java:1127)
	at java.util.concurrent.ThreadPoolExecutor$Worker.run(ThreadPoolExecutor.java:617)
	at java.lang.Thread.run(Thread.java:745)

   Locked ownable synchronizers:
	- None

"XNIO-2 task-29" #60 prio=5 os_prio=0 tid=0x00007f3234013000 nid=0x4b waiting on condition [0x00007f3214edd000]
   java.lang.Thread.State: WAITING (parking)
	at sun.misc.Unsafe.park(Native Method)
	- parking to wait for  <0x00000000ccb7db80> (a java.util.concurrent.locks.AbstractQueuedSynchronizer$ConditionObject)
	at java.util.concurrent.locks.LockSupport.park(LockSupport.java:175)
	at java.util.concurrent.locks.AbstractQueuedSynchronizer$ConditionObject.await(AbstractQueuedSynchronizer.java:2039)
	at java.util.concurrent.LinkedBlockingQueue.take(LinkedBlockingQueue.java:442)
	at java.util.concurrent.ThreadPoolExecutor.getTask(ThreadPoolExecutor.java:1067)
	at java.util.concurrent.ThreadPoolExecutor.runWorker(ThreadPoolExecutor.java:1127)
	at java.util.concurrent.ThreadPoolExecutor$Worker.run(ThreadPoolExecutor.java:617)
	at java.lang.Thread.run(Thread.java:745)

   Locked ownable synchronizers:
	- None

"XNIO-2 task-28" #59 prio=5 os_prio=0 tid=0x00007f323c02c800 nid=0x4a waiting on condition [0x00007f3214fde000]
   java.lang.Thread.State: WAITING (parking)
	at sun.misc.Unsafe.park(Native Method)
	- parking to wait for  <0x00000000ccb7db80> (a java.util.concurrent.locks.AbstractQueuedSynchronizer$ConditionObject)
	at java.util.concurrent.locks.LockSupport.park(LockSupport.java:175)
	at java.util.concurrent.locks.AbstractQueuedSynchronizer$ConditionObject.await(AbstractQueuedSynchronizer.java:2039)
	at java.util.concurrent.LinkedBlockingQueue.take(LinkedBlockingQueue.java:442)
	at java.util.concurrent.ThreadPoolExecutor.getTask(ThreadPoolExecutor.java:1067)
	at java.util.concurrent.ThreadPoolExecutor.runWorker(ThreadPoolExecutor.java:1127)
	at java.util.concurrent.ThreadPoolExecutor$Worker.run(ThreadPoolExecutor.java:617)
	at java.lang.Thread.run(Thread.java:745)

   Locked ownable synchronizers:
	- None

"XNIO-2 task-27" #58 prio=5 os_prio=0 tid=0x00007f323c02b000 nid=0x49 waiting on condition [0x00007f32150df000]
   java.lang.Thread.State: WAITING (parking)
	at sun.misc.Unsafe.park(Native Method)
	- parking to wait for  <0x00000000ccb7db80> (a java.util.concurrent.locks.AbstractQueuedSynchronizer$ConditionObject)
	at java.util.concurrent.locks.LockSupport.park(LockSupport.java:175)
	at java.util.concurrent.locks.AbstractQueuedSynchronizer$ConditionObject.await(AbstractQueuedSynchronizer.java:2039)
	at java.util.concurrent.LinkedBlockingQueue.take(LinkedBlockingQueue.java:442)
	at java.util.concurrent.ThreadPoolExecutor.getTask(ThreadPoolExecutor.java:1067)
	at java.util.concurrent.ThreadPoolExecutor.runWorker(ThreadPoolExecutor.java:1127)
	at java.util.concurrent.ThreadPoolExecutor$Worker.run(ThreadPoolExecutor.java:617)
	at java.lang.Thread.run(Thread.java:745)

   Locked ownable synchronizers:
	- None

"XNIO-2 task-26" #57 prio=5 os_prio=0 tid=0x00007f323c029000 nid=0x48 waiting on condition [0x00007f32151e0000]
   java.lang.Thread.State: WAITING (parking)
	at sun.misc.Unsafe.park(Native Method)
	- parking to wait for  <0x00000000ccb7db80> (a java.util.concurrent.locks.AbstractQueuedSynchronizer$ConditionObject)
	at java.util.concurrent.locks.LockSupport.park(LockSupport.java:175)
	at java.util.concurrent.locks.AbstractQueuedSynchronizer$ConditionObject.await(AbstractQueuedSynchronizer.java:2039)
	at java.util.concurrent.LinkedBlockingQueue.take(LinkedBlockingQueue.java:442)
	at java.util.concurrent.ThreadPoolExecutor.getTask(ThreadPoolExecutor.java:1067)
	at java.util.concurrent.ThreadPoolExecutor.runWorker(ThreadPoolExecutor.java:1127)
	at java.util.concurrent.ThreadPoolExecutor$Worker.run(ThreadPoolExecutor.java:617)
	at java.lang.Thread.run(Thread.java:745)

   Locked ownable synchronizers:
	- None

"XNIO-2 task-25" #56 prio=5 os_prio=0 tid=0x00007f323c027000 nid=0x47 waiting on condition [0x00007f32152e1000]
   java.lang.Thread.State: WAITING (parking)
	at sun.misc.Unsafe.park(Native Method)
	- parking to wait for  <0x00000000ccb7db80> (a java.util.concurrent.locks.AbstractQueuedSynchronizer$ConditionObject)
	at java.util.concurrent.locks.LockSupport.park(LockSupport.java:175)
	at java.util.concurrent.locks.AbstractQueuedSynchronizer$ConditionObject.await(AbstractQueuedSynchronizer.java:2039)
	at java.util.concurrent.LinkedBlockingQueue.take(LinkedBlockingQueue.java:442)
	at java.util.concurrent.ThreadPoolExecutor.getTask(ThreadPoolExecutor.java:1067)
	at java.util.concurrent.ThreadPoolExecutor.runWorker(ThreadPoolExecutor.java:1127)
	at java.util.concurrent.ThreadPoolExecutor$Worker.run(ThreadPoolExecutor.java:617)
	at java.lang.Thread.run(Thread.java:745)

   Locked ownable synchronizers:
	- None

"XNIO-2 task-24" #55 prio=5 os_prio=0 tid=0x00007f3234011800 nid=0x46 waiting on condition [0x00007f32153e2000]
   java.lang.Thread.State: WAITING (parking)
	at sun.misc.Unsafe.park(Native Method)
	- parking to wait for  <0x00000000ccb7db80> (a java.util.concurrent.locks.AbstractQueuedSynchronizer$ConditionObject)
	at java.util.concurrent.locks.LockSupport.park(LockSupport.java:175)
	at java.util.concurrent.locks.AbstractQueuedSynchronizer$ConditionObject.await(AbstractQueuedSynchronizer.java:2039)
	at java.util.concurrent.LinkedBlockingQueue.take(LinkedBlockingQueue.java:442)
	at java.util.concurrent.ThreadPoolExecutor.getTask(ThreadPoolExecutor.java:1067)
	at java.util.concurrent.ThreadPoolExecutor.runWorker(ThreadPoolExecutor.java:1127)
	at java.util.concurrent.ThreadPoolExecutor$Worker.run(ThreadPoolExecutor.java:617)
	at java.lang.Thread.run(Thread.java:745)

   Locked ownable synchronizers:
	- None

"XNIO-2 task-23" #54 prio=5 os_prio=0 tid=0x00007f3234010000 nid=0x45 waiting on condition [0x00007f32154e3000]
   java.lang.Thread.State: WAITING (parking)
	at sun.misc.Unsafe.park(Native Method)
	- parking to wait for  <0x00000000ccb7db80> (a java.util.concurrent.locks.AbstractQueuedSynchronizer$ConditionObject)
	at java.util.concurrent.locks.LockSupport.park(LockSupport.java:175)
	at java.util.concurrent.locks.AbstractQueuedSynchronizer$ConditionObject.await(AbstractQueuedSynchronizer.java:2039)
	at java.util.concurrent.LinkedBlockingQueue.take(LinkedBlockingQueue.java:442)
	at java.util.concurrent.ThreadPoolExecutor.getTask(ThreadPoolExecutor.java:1067)
	at java.util.concurrent.ThreadPoolExecutor.runWorker(ThreadPoolExecutor.java:1127)
	at java.util.concurrent.ThreadPoolExecutor$Worker.run(ThreadPoolExecutor.java:617)
	at java.lang.Thread.run(Thread.java:745)

   Locked ownable synchronizers:
	- None

"XNIO-2 task-22" #53 prio=5 os_prio=0 tid=0x00007f323400f000 nid=0x44 waiting on condition [0x00007f32155e4000]
   java.lang.Thread.State: WAITING (parking)
	at sun.misc.Unsafe.park(Native Method)
	- parking to wait for  <0x00000000ccb7db80> (a java.util.concurrent.locks.AbstractQueuedSynchronizer$ConditionObject)
	at java.util.concurrent.locks.LockSupport.park(LockSupport.java:175)
	at java.util.concurrent.locks.AbstractQueuedSynchronizer$ConditionObject.await(AbstractQueuedSynchronizer.java:2039)
	at java.util.concurrent.LinkedBlockingQueue.take(LinkedBlockingQueue.java:442)
	at java.util.concurrent.ThreadPoolExecutor.getTask(ThreadPoolExecutor.java:1067)
	at java.util.concurrent.ThreadPoolExecutor.runWorker(ThreadPoolExecutor.java:1127)
	at java.util.concurrent.ThreadPoolExecutor$Worker.run(ThreadPoolExecutor.java:617)
	at java.lang.Thread.run(Thread.java:745)

   Locked ownable synchronizers:
	- None

"XNIO-2 task-21" #52 prio=5 os_prio=0 tid=0x00007f323c025800 nid=0x43 waiting on condition [0x00007f32156e5000]
   java.lang.Thread.State: WAITING (parking)
	at sun.misc.Unsafe.park(Native Method)
	- parking to wait for  <0x00000000ccb7db80> (a java.util.concurrent.locks.AbstractQueuedSynchronizer$ConditionObject)
	at java.util.concurrent.locks.LockSupport.park(LockSupport.java:175)
	at java.util.concurrent.locks.AbstractQueuedSynchronizer$ConditionObject.await(AbstractQueuedSynchronizer.java:2039)
	at java.util.concurrent.LinkedBlockingQueue.take(LinkedBlockingQueue.java:442)
	at java.util.concurrent.ThreadPoolExecutor.getTask(ThreadPoolExecutor.java:1067)
	at java.util.concurrent.ThreadPoolExecutor.runWorker(ThreadPoolExecutor.java:1127)
	at java.util.concurrent.ThreadPoolExecutor$Worker.run(ThreadPoolExecutor.java:617)
	at java.lang.Thread.run(Thread.java:745)

   Locked ownable synchronizers:
	- None

"XNIO-2 task-20" #51 prio=5 os_prio=0 tid=0x00007f323c024000 nid=0x42 waiting on condition [0x00007f32157e6000]
   java.lang.Thread.State: WAITING (parking)
	at sun.misc.Unsafe.park(Native Method)
	- parking to wait for  <0x00000000ccb7db80> (a java.util.concurrent.locks.AbstractQueuedSynchronizer$ConditionObject)
	at java.util.concurrent.locks.LockSupport.park(LockSupport.java:175)
	at java.util.concurrent.locks.AbstractQueuedSynchronizer$ConditionObject.await(AbstractQueuedSynchronizer.java:2039)
	at java.util.concurrent.LinkedBlockingQueue.take(LinkedBlockingQueue.java:442)
	at java.util.concurrent.ThreadPoolExecutor.getTask(ThreadPoolExecutor.java:1067)
	at java.util.concurrent.ThreadPoolExecutor.runWorker(ThreadPoolExecutor.java:1127)
	at java.util.concurrent.ThreadPoolExecutor$Worker.run(ThreadPoolExecutor.java:617)
	at java.lang.Thread.run(Thread.java:745)

   Locked ownable synchronizers:
	- None

"XNIO-2 task-19" #50 prio=5 os_prio=0 tid=0x00007f323c022000 nid=0x41 waiting on condition [0x00007f32158e7000]
   java.lang.Thread.State: WAITING (parking)
	at sun.misc.Unsafe.park(Native Method)
	- parking to wait for  <0x00000000ccb7db80> (a java.util.concurrent.locks.AbstractQueuedSynchronizer$ConditionObject)
	at java.util.concurrent.locks.LockSupport.park(LockSupport.java:175)
	at java.util.concurrent.locks.AbstractQueuedSynchronizer$ConditionObject.await(AbstractQueuedSynchronizer.java:2039)
	at java.util.concurrent.LinkedBlockingQueue.take(LinkedBlockingQueue.java:442)
	at java.util.concurrent.ThreadPoolExecutor.getTask(ThreadPoolExecutor.java:1067)
	at java.util.concurrent.ThreadPoolExecutor.runWorker(ThreadPoolExecutor.java:1127)
	at java.util.concurrent.ThreadPoolExecutor$Worker.run(ThreadPoolExecutor.java:617)
	at java.lang.Thread.run(Thread.java:745)

   Locked ownable synchronizers:
	- None

"XNIO-2 task-18" #49 prio=5 os_prio=0 tid=0x00007f323408e000 nid=0x40 waiting on condition [0x00007f32159e8000]
   java.lang.Thread.State: WAITING (parking)
	at sun.misc.Unsafe.park(Native Method)
	- parking to wait for  <0x00000000ccb7db80> (a java.util.concurrent.locks.AbstractQueuedSynchronizer$ConditionObject)
	at java.util.concurrent.locks.LockSupport.park(LockSupport.java:175)
	at java.util.concurrent.locks.AbstractQueuedSynchronizer$ConditionObject.await(AbstractQueuedSynchronizer.java:2039)
	at java.util.concurrent.LinkedBlockingQueue.take(LinkedBlockingQueue.java:442)
	at java.util.concurrent.ThreadPoolExecutor.getTask(ThreadPoolExecutor.java:1067)
	at java.util.concurrent.ThreadPoolExecutor.runWorker(ThreadPoolExecutor.java:1127)
	at java.util.concurrent.ThreadPoolExecutor$Worker.run(ThreadPoolExecutor.java:617)
	at java.lang.Thread.run(Thread.java:745)

   Locked ownable synchronizers:
	- None

"XNIO-2 task-17" #48 prio=5 os_prio=0 tid=0x00007f323408d000 nid=0x3f waiting on condition [0x00007f3215ae9000]
   java.lang.Thread.State: WAITING (parking)
	at sun.misc.Unsafe.park(Native Method)
	- parking to wait for  <0x00000000ccb7db80> (a java.util.concurrent.locks.AbstractQueuedSynchronizer$ConditionObject)
	at java.util.concurrent.locks.LockSupport.park(LockSupport.java:175)
	at java.util.concurrent.locks.AbstractQueuedSynchronizer$ConditionObject.await(AbstractQueuedSynchronizer.java:2039)
	at java.util.concurrent.LinkedBlockingQueue.take(LinkedBlockingQueue.java:442)
	at java.util.concurrent.ThreadPoolExecutor.getTask(ThreadPoolExecutor.java:1067)
	at java.util.concurrent.ThreadPoolExecutor.runWorker(ThreadPoolExecutor.java:1127)
	at java.util.concurrent.ThreadPoolExecutor$Worker.run(ThreadPoolExecutor.java:617)
	at java.lang.Thread.run(Thread.java:745)

   Locked ownable synchronizers:
	- None

"XNIO-2 task-16" #47 prio=5 os_prio=0 tid=0x00007f323c020800 nid=0x3e waiting on condition [0x00007f3215bea000]
   java.lang.Thread.State: WAITING (parking)
	at sun.misc.Unsafe.park(Native Method)
	- parking to wait for  <0x00000000ccb7db80> (a java.util.concurrent.locks.AbstractQueuedSynchronizer$ConditionObject)
	at java.util.concurrent.locks.LockSupport.park(LockSupport.java:175)
	at java.util.concurrent.locks.AbstractQueuedSynchronizer$ConditionObject.await(AbstractQueuedSynchronizer.java:2039)
	at java.util.concurrent.LinkedBlockingQueue.take(LinkedBlockingQueue.java:442)
	at java.util.concurrent.ThreadPoolExecutor.getTask(ThreadPoolExecutor.java:1067)
	at java.util.concurrent.ThreadPoolExecutor.runWorker(ThreadPoolExecutor.java:1127)
	at java.util.concurrent.ThreadPoolExecutor$Worker.run(ThreadPoolExecutor.java:617)
	at java.lang.Thread.run(Thread.java:745)

   Locked ownable synchronizers:
	- None

"XNIO-2 task-15" #46 prio=5 os_prio=0 tid=0x00007f32341c8800 nid=0x3d waiting on condition [0x00007f3215ceb000]
   java.lang.Thread.State: WAITING (parking)
	at sun.misc.Unsafe.park(Native Method)
	- parking to wait for  <0x00000000ccb7db80> (a java.util.concurrent.locks.AbstractQueuedSynchronizer$ConditionObject)
	at java.util.concurrent.locks.LockSupport.park(LockSupport.java:175)
	at java.util.concurrent.locks.AbstractQueuedSynchronizer$ConditionObject.await(AbstractQueuedSynchronizer.java:2039)
	at java.util.concurrent.LinkedBlockingQueue.take(LinkedBlockingQueue.java:442)
	at java.util.concurrent.ThreadPoolExecutor.getTask(ThreadPoolExecutor.java:1067)
	at java.util.concurrent.ThreadPoolExecutor.runWorker(ThreadPoolExecutor.java:1127)
	at java.util.concurrent.ThreadPoolExecutor$Worker.run(ThreadPoolExecutor.java:617)
	at java.lang.Thread.run(Thread.java:745)

   Locked ownable synchronizers:
	- None

"XNIO-2 task-14" #45 prio=5 os_prio=0 tid=0x00007f323c016800 nid=0x3c waiting on condition [0x00007f3215dec000]
   java.lang.Thread.State: WAITING (parking)
	at sun.misc.Unsafe.park(Native Method)
	- parking to wait for  <0x00000000ccb7db80> (a java.util.concurrent.locks.AbstractQueuedSynchronizer$ConditionObject)
	at java.util.concurrent.locks.LockSupport.park(LockSupport.java:175)
	at java.util.concurrent.locks.AbstractQueuedSynchronizer$ConditionObject.await(AbstractQueuedSynchronizer.java:2039)
	at java.util.concurrent.LinkedBlockingQueue.take(LinkedBlockingQueue.java:442)
	at java.util.concurrent.ThreadPoolExecutor.getTask(ThreadPoolExecutor.java:1067)
	at java.util.concurrent.ThreadPoolExecutor.runWorker(ThreadPoolExecutor.java:1127)
	at java.util.concurrent.ThreadPoolExecutor$Worker.run(ThreadPoolExecutor.java:617)
	at java.lang.Thread.run(Thread.java:745)

   Locked ownable synchronizers:
	- None

"XNIO-2 task-13" #44 prio=5 os_prio=0 tid=0x00007f323c015000 nid=0x3b waiting on condition [0x00007f3215eed000]
   java.lang.Thread.State: WAITING (parking)
	at sun.misc.Unsafe.park(Native Method)
	- parking to wait for  <0x00000000ccb7db80> (a java.util.concurrent.locks.AbstractQueuedSynchronizer$ConditionObject)
	at java.util.concurrent.locks.LockSupport.park(LockSupport.java:175)
	at java.util.concurrent.locks.AbstractQueuedSynchronizer$ConditionObject.await(AbstractQueuedSynchronizer.java:2039)
	at java.util.concurrent.LinkedBlockingQueue.take(LinkedBlockingQueue.java:442)
	at java.util.concurrent.ThreadPoolExecutor.getTask(ThreadPoolExecutor.java:1067)
	at java.util.concurrent.ThreadPoolExecutor.runWorker(ThreadPoolExecutor.java:1127)
	at java.util.concurrent.ThreadPoolExecutor$Worker.run(ThreadPoolExecutor.java:617)
	at java.lang.Thread.run(Thread.java:745)

   Locked ownable synchronizers:
	- None

"XNIO-2 task-12" #43 prio=5 os_prio=0 tid=0x00007f323c013000 nid=0x3a waiting on condition [0x00007f3215fee000]
   java.lang.Thread.State: WAITING (parking)
	at sun.misc.Unsafe.park(Native Method)
	- parking to wait for  <0x00000000ccb7db80> (a java.util.concurrent.locks.AbstractQueuedSynchronizer$ConditionObject)
	at java.util.concurrent.locks.LockSupport.park(LockSupport.java:175)
	at java.util.concurrent.locks.AbstractQueuedSynchronizer$ConditionObject.await(AbstractQueuedSynchronizer.java:2039)
	at java.util.concurrent.LinkedBlockingQueue.take(LinkedBlockingQueue.java:442)
	at java.util.concurrent.ThreadPoolExecutor.getTask(ThreadPoolExecutor.java:1067)
	at java.util.concurrent.ThreadPoolExecutor.runWorker(ThreadPoolExecutor.java:1127)
	at java.util.concurrent.ThreadPoolExecutor$Worker.run(ThreadPoolExecutor.java:617)
	at java.lang.Thread.run(Thread.java:745)

   Locked ownable synchronizers:
	- None

"XNIO-2 task-11" #42 prio=5 os_prio=0 tid=0x00007f323c011800 nid=0x39 waiting on condition [0x00007f32160ef000]
   java.lang.Thread.State: WAITING (parking)
	at sun.misc.Unsafe.park(Native Method)
	- parking to wait for  <0x00000000ccb7db80> (a java.util.concurrent.locks.AbstractQueuedSynchronizer$ConditionObject)
	at java.util.concurrent.locks.LockSupport.park(LockSupport.java:175)
	at java.util.concurrent.locks.AbstractQueuedSynchronizer$ConditionObject.await(AbstractQueuedSynchronizer.java:2039)
	at java.util.concurrent.LinkedBlockingQueue.take(LinkedBlockingQueue.java:442)
	at java.util.concurrent.ThreadPoolExecutor.getTask(ThreadPoolExecutor.java:1067)
	at java.util.concurrent.ThreadPoolExecutor.runWorker(ThreadPoolExecutor.java:1127)
	at java.util.concurrent.ThreadPoolExecutor$Worker.run(ThreadPoolExecutor.java:617)
	at java.lang.Thread.run(Thread.java:745)

   Locked ownable synchronizers:
	- None

"XNIO-2 task-10" #41 prio=5 os_prio=0 tid=0x00007f323c00f800 nid=0x38 waiting on condition [0x00007f32161f0000]
   java.lang.Thread.State: WAITING (parking)
	at sun.misc.Unsafe.park(Native Method)
	- parking to wait for  <0x00000000ccb7db80> (a java.util.concurrent.locks.AbstractQueuedSynchronizer$ConditionObject)
	at java.util.concurrent.locks.LockSupport.park(LockSupport.java:175)
	at java.util.concurrent.locks.AbstractQueuedSynchronizer$ConditionObject.await(AbstractQueuedSynchronizer.java:2039)
	at java.util.concurrent.LinkedBlockingQueue.take(LinkedBlockingQueue.java:442)
	at java.util.concurrent.ThreadPoolExecutor.getTask(ThreadPoolExecutor.java:1067)
	at java.util.concurrent.ThreadPoolExecutor.runWorker(ThreadPoolExecutor.java:1127)
	at java.util.concurrent.ThreadPoolExecutor$Worker.run(ThreadPoolExecutor.java:617)
	at java.lang.Thread.run(Thread.java:745)

   Locked ownable synchronizers:
	- None

"XNIO-2 task-9" #40 prio=5 os_prio=0 tid=0x00007f323408b000 nid=0x37 waiting on condition [0x00007f32162f1000]
   java.lang.Thread.State: WAITING (parking)
	at sun.misc.Unsafe.park(Native Method)
	- parking to wait for  <0x00000000ccb7db80> (a java.util.concurrent.locks.AbstractQueuedSynchronizer$ConditionObject)
	at java.util.concurrent.locks.LockSupport.park(LockSupport.java:175)
	at java.util.concurrent.locks.AbstractQueuedSynchronizer$ConditionObject.await(AbstractQueuedSynchronizer.java:2039)
	at java.util.concurrent.LinkedBlockingQueue.take(LinkedBlockingQueue.java:442)
	at java.util.concurrent.ThreadPoolExecutor.getTask(ThreadPoolExecutor.java:1067)
	at java.util.concurrent.ThreadPoolExecutor.runWorker(ThreadPoolExecutor.java:1127)
	at java.util.concurrent.ThreadPoolExecutor$Worker.run(ThreadPoolExecutor.java:617)
	at java.lang.Thread.run(Thread.java:745)

   Locked ownable synchronizers:
	- None

"XNIO-2 task-8" #39 prio=5 os_prio=0 tid=0x00007f323c00e000 nid=0x36 waiting on condition [0x00007f32163f2000]
   java.lang.Thread.State: WAITING (parking)
	at sun.misc.Unsafe.park(Native Method)
	- parking to wait for  <0x00000000ccb7db80> (a java.util.concurrent.locks.AbstractQueuedSynchronizer$ConditionObject)
	at java.util.concurrent.locks.LockSupport.park(LockSupport.java:175)
	at java.util.concurrent.locks.AbstractQueuedSynchronizer$ConditionObject.await(AbstractQueuedSynchronizer.java:2039)
	at java.util.concurrent.LinkedBlockingQueue.take(LinkedBlockingQueue.java:442)
	at java.util.concurrent.ThreadPoolExecutor.getTask(ThreadPoolExecutor.java:1067)
	at java.util.concurrent.ThreadPoolExecutor.runWorker(ThreadPoolExecutor.java:1127)
	at java.util.concurrent.ThreadPoolExecutor$Worker.run(ThreadPoolExecutor.java:617)
	at java.lang.Thread.run(Thread.java:745)

   Locked ownable synchronizers:
	- None

"XNIO-2 task-7" #38 prio=5 os_prio=0 tid=0x00007f323c00c800 nid=0x35 waiting on condition [0x00007f32164f3000]
   java.lang.Thread.State: WAITING (parking)
	at sun.misc.Unsafe.park(Native Method)
	- parking to wait for  <0x00000000ccb7db80> (a java.util.concurrent.locks.AbstractQueuedSynchronizer$ConditionObject)
	at java.util.concurrent.locks.LockSupport.park(LockSupport.java:175)
	at java.util.concurrent.locks.AbstractQueuedSynchronizer$ConditionObject.await(AbstractQueuedSynchronizer.java:2039)
	at java.util.concurrent.LinkedBlockingQueue.take(LinkedBlockingQueue.java:442)
	at java.util.concurrent.ThreadPoolExecutor.getTask(ThreadPoolExecutor.java:1067)
	at java.util.concurrent.ThreadPoolExecutor.runWorker(ThreadPoolExecutor.java:1127)
	at java.util.concurrent.ThreadPoolExecutor$Worker.run(ThreadPoolExecutor.java:617)
	at java.lang.Thread.run(Thread.java:745)

   Locked ownable synchronizers:
	- None

"XNIO-2 task-6" #37 prio=5 os_prio=0 tid=0x00007f323408a000 nid=0x34 waiting on condition [0x00007f32165f4000]
   java.lang.Thread.State: WAITING (parking)
	at sun.misc.Unsafe.park(Native Method)
	- parking to wait for  <0x00000000ccb7db80> (a java.util.concurrent.locks.AbstractQueuedSynchronizer$ConditionObject)
	at java.util.concurrent.locks.LockSupport.park(LockSupport.java:175)
	at java.util.concurrent.locks.AbstractQueuedSynchronizer$ConditionObject.await(AbstractQueuedSynchronizer.java:2039)
	at java.util.concurrent.LinkedBlockingQueue.take(LinkedBlockingQueue.java:442)
	at java.util.concurrent.ThreadPoolExecutor.getTask(ThreadPoolExecutor.java:1067)
	at java.util.concurrent.ThreadPoolExecutor.runWorker(ThreadPoolExecutor.java:1127)
	at java.util.concurrent.ThreadPoolExecutor$Worker.run(ThreadPoolExecutor.java:617)
	at java.lang.Thread.run(Thread.java:745)

   Locked ownable synchronizers:
	- None

"XNIO-2 task-5" #36 prio=5 os_prio=0 tid=0x00007f3234088800 nid=0x33 waiting on condition [0x00007f32166f5000]
   java.lang.Thread.State: WAITING (parking)
	at sun.misc.Unsafe.park(Native Method)
	- parking to wait for  <0x00000000ccb7db80> (a java.util.concurrent.locks.AbstractQueuedSynchronizer$ConditionObject)
	at java.util.concurrent.locks.LockSupport.park(LockSupport.java:175)
	at java.util.concurrent.locks.AbstractQueuedSynchronizer$ConditionObject.await(AbstractQueuedSynchronizer.java:2039)
	at java.util.concurrent.LinkedBlockingQueue.take(LinkedBlockingQueue.java:442)
	at java.util.concurrent.ThreadPoolExecutor.getTask(ThreadPoolExecutor.java:1067)
	at java.util.concurrent.ThreadPoolExecutor.runWorker(ThreadPoolExecutor.java:1127)
	at java.util.concurrent.ThreadPoolExecutor$Worker.run(ThreadPoolExecutor.java:617)
	at java.lang.Thread.run(Thread.java:745)

   Locked ownable synchronizers:
	- None

"XNIO-2 task-4" #35 prio=5 os_prio=0 tid=0x00007f323c00a800 nid=0x32 waiting on condition [0x00007f32167f6000]
   java.lang.Thread.State: WAITING (parking)
	at sun.misc.Unsafe.park(Native Method)
	- parking to wait for  <0x00000000ccb7db80> (a java.util.concurrent.locks.AbstractQueuedSynchronizer$ConditionObject)
	at java.util.concurrent.locks.LockSupport.park(LockSupport.java:175)
	at java.util.concurrent.locks.AbstractQueuedSynchronizer$ConditionObject.await(AbstractQueuedSynchronizer.java:2039)
	at java.util.concurrent.LinkedBlockingQueue.take(LinkedBlockingQueue.java:442)
	at java.util.concurrent.ThreadPoolExecutor.getTask(ThreadPoolExecutor.java:1067)
	at java.util.concurrent.ThreadPoolExecutor.runWorker(ThreadPoolExecutor.java:1127)
	at java.util.concurrent.ThreadPoolExecutor$Worker.run(ThreadPoolExecutor.java:617)
	at java.lang.Thread.run(Thread.java:745)

   Locked ownable synchronizers:
	- None

"XNIO-2 task-3" #34 prio=5 os_prio=0 tid=0x00007f3234040000 nid=0x31 waiting on condition [0x00007f32168f7000]
   java.lang.Thread.State: WAITING (parking)
	at sun.misc.Unsafe.park(Native Method)
	- parking to wait for  <0x00000000ccb7db80> (a java.util.concurrent.locks.AbstractQueuedSynchronizer$ConditionObject)
	at java.util.concurrent.locks.LockSupport.park(LockSupport.java:175)
	at java.util.concurrent.locks.AbstractQueuedSynchronizer$ConditionObject.await(AbstractQueuedSynchronizer.java:2039)
	at java.util.concurrent.LinkedBlockingQueue.take(LinkedBlockingQueue.java:442)
	at java.util.concurrent.ThreadPoolExecutor.getTask(ThreadPoolExecutor.java:1067)
	at java.util.concurrent.ThreadPoolExecutor.runWorker(ThreadPoolExecutor.java:1127)
	at java.util.concurrent.ThreadPoolExecutor$Worker.run(ThreadPoolExecutor.java:617)
	at java.lang.Thread.run(Thread.java:745)

   Locked ownable synchronizers:
	- None

"XNIO-2 task-2" #33 prio=5 os_prio=0 tid=0x00007f32342e0800 nid=0x30 waiting on condition [0x00007f32169f8000]
   java.lang.Thread.State: WAITING (parking)
	at sun.misc.Unsafe.park(Native Method)
	- parking to wait for  <0x00000000ccb7db80> (a java.util.concurrent.locks.AbstractQueuedSynchronizer$ConditionObject)
	at java.util.concurrent.locks.LockSupport.park(LockSupport.java:175)
	at java.util.concurrent.locks.AbstractQueuedSynchronizer$ConditionObject.await(AbstractQueuedSynchronizer.java:2039)
	at java.util.concurrent.LinkedBlockingQueue.take(LinkedBlockingQueue.java:442)
	at java.util.concurrent.ThreadPoolExecutor.getTask(ThreadPoolExecutor.java:1067)
	at java.util.concurrent.ThreadPoolExecutor.runWorker(ThreadPoolExecutor.java:1127)
	at java.util.concurrent.ThreadPoolExecutor$Worker.run(ThreadPoolExecutor.java:617)
	at java.lang.Thread.run(Thread.java:745)

   Locked ownable synchronizers:
	- None

"XNIO-2 task-1" #32 prio=5 os_prio=0 tid=0x00007f32342df000 nid=0x2f waiting on condition [0x00007f3216cf9000]
   java.lang.Thread.State: WAITING (parking)
	at sun.misc.Unsafe.park(Native Method)
	- parking to wait for  <0x00000000ccb7db80> (a java.util.concurrent.locks.AbstractQueuedSynchronizer$ConditionObject)
	at java.util.concurrent.locks.LockSupport.park(LockSupport.java:175)
	at java.util.concurrent.locks.AbstractQueuedSynchronizer$ConditionObject.await(AbstractQueuedSynchronizer.java:2039)
	at java.util.concurrent.LinkedBlockingQueue.take(LinkedBlockingQueue.java:442)
	at java.util.concurrent.ThreadPoolExecutor.getTask(ThreadPoolExecutor.java:1067)
	at java.util.concurrent.ThreadPoolExecutor.runWorker(ThreadPoolExecutor.java:1127)
	at java.util.concurrent.ThreadPoolExecutor$Worker.run(ThreadPoolExecutor.java:617)
	at java.lang.Thread.run(Thread.java:745)

   Locked ownable synchronizers:
	- None

"DestroyJavaVM" #31 prio=5 os_prio=0 tid=0x00007f326c00b800 nid=0xe waiting on condition [0x0000000000000000]
   java.lang.Thread.State: RUNNABLE

   Locked ownable synchronizers:
	- None

"XNIO-2 Accept" #29 prio=5 os_prio=0 tid=0x00007f326cdbe800 nid=0x2e runnable [0x00007f3216dfa000]
   java.lang.Thread.State: RUNNABLE
	at sun.nio.ch.EPollArrayWrapper.epollWait(Native Method)
	at sun.nio.ch.EPollArrayWrapper.poll(EPollArrayWrapper.java:269)
	at sun.nio.ch.EPollSelectorImpl.doSelect(EPollSelectorImpl.java:93)
	at sun.nio.ch.SelectorImpl.lockAndDoSelect(SelectorImpl.java:86)
	- locked <0x00000000ccb7e2e8> (a sun.nio.ch.Util$3)
	- locked <0x00000000ccb7e2d0> (a java.util.Collections$UnmodifiableSet)
	- locked <0x00000000ccb823e8> (a sun.nio.ch.EPollSelectorImpl)
	at sun.nio.ch.SelectorImpl.select(SelectorImpl.java:97)
	at sun.nio.ch.SelectorImpl.select(SelectorImpl.java:101)
	at org.xnio.nio.WorkerThread.run(WorkerThread.java:511)

   Locked ownable synchronizers:
	- None

"XNIO-2 I/O-4" #28 prio=5 os_prio=0 tid=0x00007f326de29800 nid=0x2d runnable [0x00007f3216efb000]
   java.lang.Thread.State: RUNNABLE
	at sun.nio.ch.EPollArrayWrapper.epollWait(Native Method)
	at sun.nio.ch.EPollArrayWrapper.poll(EPollArrayWrapper.java:269)
	at sun.nio.ch.EPollSelectorImpl.doSelect(EPollSelectorImpl.java:93)
	at sun.nio.ch.SelectorImpl.lockAndDoSelect(SelectorImpl.java:86)
	- locked <0x00000000ccb7ddd8> (a sun.nio.ch.Util$3)
	- locked <0x00000000ccb7ddc0> (a java.util.Collections$UnmodifiableSet)
	- locked <0x00000000ccb82358> (a sun.nio.ch.EPollSelectorImpl)
	at sun.nio.ch.SelectorImpl.select(SelectorImpl.java:97)
	at org.xnio.nio.WorkerThread.run(WorkerThread.java:524)

   Locked ownable synchronizers:
	- None

"XNIO-2 I/O-3" #27 prio=5 os_prio=0 tid=0x00007f326cb8e800 nid=0x2c runnable [0x00007f3216ffc000]
   java.lang.Thread.State: RUNNABLE
	at sun.nio.ch.EPollArrayWrapper.epollWait(Native Method)
	at sun.nio.ch.EPollArrayWrapper.poll(EPollArrayWrapper.java:269)
	at sun.nio.ch.EPollSelectorImpl.doSelect(EPollSelectorImpl.java:93)
	at sun.nio.ch.SelectorImpl.lockAndDoSelect(SelectorImpl.java:86)
	- locked <0x00000000ccb7e600> (a sun.nio.ch.Util$3)
	- locked <0x00000000ccb7e5e8> (a java.util.Collections$UnmodifiableSet)
	- locked <0x00000000ccb82478> (a sun.nio.ch.EPollSelectorImpl)
	at sun.nio.ch.SelectorImpl.select(SelectorImpl.java:97)
	at org.xnio.nio.WorkerThread.run(WorkerThread.java:524)

   Locked ownable synchronizers:
	- None

"XNIO-2 I/O-2" #26 prio=5 os_prio=0 tid=0x00007f326d26f800 nid=0x2b runnable [0x00007f32170fd000]
   java.lang.Thread.State: RUNNABLE
	at sun.nio.ch.EPollArrayWrapper.epollWait(Native Method)
	at sun.nio.ch.EPollArrayWrapper.poll(EPollArrayWrapper.java:269)
	at sun.nio.ch.EPollSelectorImpl.doSelect(EPollSelectorImpl.java:93)
	at sun.nio.ch.SelectorImpl.lockAndDoSelect(SelectorImpl.java:86)
	- locked <0x00000000ccb7e798> (a sun.nio.ch.Util$3)
	- locked <0x00000000ccb7e780> (a java.util.Collections$UnmodifiableSet)
	- locked <0x00000000ccb82508> (a sun.nio.ch.EPollSelectorImpl)
	at sun.nio.ch.SelectorImpl.select(SelectorImpl.java:97)
	at sun.nio.ch.SelectorImpl.select(SelectorImpl.java:101)
	at org.xnio.nio.WorkerThread.run(WorkerThread.java:511)

   Locked ownable synchronizers:
	- None

"XNIO-2 I/O-1" #25 prio=5 os_prio=0 tid=0x00007f326c38d800 nid=0x2a runnable [0x00007f32171fe000]
   java.lang.Thread.State: RUNNABLE
	at sun.nio.ch.EPollArrayWrapper.epollWait(Native Method)
	at sun.nio.ch.EPollArrayWrapper.poll(EPollArrayWrapper.java:269)
	at sun.nio.ch.EPollSelectorImpl.doSelect(EPollSelectorImpl.java:93)
	at sun.nio.ch.SelectorImpl.lockAndDoSelect(SelectorImpl.java:86)
	- locked <0x00000000ccb7e930> (a sun.nio.ch.Util$3)
	- locked <0x00000000ccb7e918> (a java.util.Collections$UnmodifiableSet)
	- locked <0x00000000ccb82598> (a sun.nio.ch.EPollSelectorImpl)
	at sun.nio.ch.SelectorImpl.select(SelectorImpl.java:97)
	at sun.nio.ch.SelectorImpl.select(SelectorImpl.java:101)
	at org.xnio.nio.WorkerThread.run(WorkerThread.java:511)

   Locked ownable synchronizers:
	- None

"pool-1-thread-1" #24 prio=5 os_prio=0 tid=0x00007f326cf77000 nid=0x29 waiting on condition [0x00007f32201f9000]
   java.lang.Thread.State: TIMED_WAITING (parking)
	at sun.misc.Unsafe.park(Native Method)
	- parking to wait for  <0x00000000ccb7eae0> (a java.util.concurrent.locks.AbstractQueuedSynchronizer$ConditionObject)
	at java.util.concurrent.locks.LockSupport.parkNanos(LockSupport.java:215)
	at java.util.concurrent.locks.AbstractQueuedSynchronizer$ConditionObject.awaitNanos(AbstractQueuedSynchronizer.java:2078)
	at java.util.concurrent.ScheduledThreadPoolExecutor$DelayedWorkQueue.take(ScheduledThreadPoolExecutor.java:1093)
	at java.util.concurrent.ScheduledThreadPoolExecutor$DelayedWorkQueue.take(ScheduledThreadPoolExecutor.java:809)
	at java.util.concurrent.ThreadPoolExecutor.getTask(ThreadPoolExecutor.java:1067)
	at java.util.concurrent.ThreadPoolExecutor.runWorker(ThreadPoolExecutor.java:1127)
	at java.util.concurrent.ThreadPoolExecutor$Worker.run(ThreadPoolExecutor.java:617)
	at java.lang.Thread.run(Thread.java:745)

   Locked ownable synchronizers:
	- None

"catalogWatchTaskScheduler-1" #23 prio=5 os_prio=0 tid=0x00007f326d234000 nid=0x28 runnable [0x00007f32206fa000]
   java.lang.Thread.State: RUNNABLE
	at java.net.SocketInputStream.socketRead0(Native Method)
	at java.net.SocketInputStream.socketRead(SocketInputStream.java:116)
	at java.net.SocketInputStream.read(SocketInputStream.java:170)
	at java.net.SocketInputStream.read(SocketInputStream.java:141)
	at org.apache.http.impl.io.SessionInputBufferImpl.streamRead(SessionInputBufferImpl.java:137)
	at org.apache.http.impl.io.SessionInputBufferImpl.fillBuffer(SessionInputBufferImpl.java:153)
	at org.apache.http.impl.io.SessionInputBufferImpl.readLine(SessionInputBufferImpl.java:282)
	at org.apache.http.impl.conn.DefaultHttpResponseParser.parseHead(DefaultHttpResponseParser.java:138)
	at org.apache.http.impl.conn.DefaultHttpResponseParser.parseHead(DefaultHttpResponseParser.java:56)
	at org.apache.http.impl.io.AbstractMessageParser.parse(AbstractMessageParser.java:259)
	at org.apache.http.impl.DefaultBHttpClientConnection.receiveResponseHeader(DefaultBHttpClientConnection.java:163)
	at org.apache.http.impl.conn.CPoolProxy.receiveResponseHeader(CPoolProxy.java:165)
	at org.apache.http.protocol.HttpRequestExecutor.doReceiveResponse(HttpRequestExecutor.java:273)
	at org.apache.http.protocol.HttpRequestExecutor.execute(HttpRequestExecutor.java:125)
	at org.apache.http.impl.execchain.MainClientExec.execute(MainClientExec.java:272)
	at org.apache.http.impl.execchain.ProtocolExec.execute(ProtocolExec.java:185)
	at org.apache.http.impl.execchain.RetryExec.execute(RetryExec.java:89)
	at org.apache.http.impl.execchain.RedirectExec.execute(RedirectExec.java:110)
	at org.apache.http.impl.client.InternalHttpClient.doExecute(InternalHttpClient.java:185)
	at org.apache.http.impl.client.CloseableHttpClient.execute(CloseableHttpClient.java:72)
	at org.apache.http.impl.client.CloseableHttpClient.execute(CloseableHttpClient.java:221)
	at org.apache.http.impl.client.CloseableHttpClient.execute(CloseableHttpClient.java:165)
	at org.apache.http.impl.client.CloseableHttpClient.execute(CloseableHttpClient.java:140)
	at com.ecwid.consul.transport.AbstractHttpTransport.executeRequest(AbstractHttpTransport.java:61)
	at com.ecwid.consul.transport.AbstractHttpTransport.makeGetRequest(AbstractHttpTransport.java:34)
	at com.ecwid.consul.v1.ConsulRawClient.makeGetRequest(ConsulRawClient.java:128)
	at com.ecwid.consul.v1.catalog.CatalogConsulClient.getCatalogServices(CatalogConsulClient.java:120)
	at com.ecwid.consul.v1.catalog.CatalogConsulClient.getCatalogServices(CatalogConsulClient.java:114)
	at com.ecwid.consul.v1.ConsulClient.getCatalogServices(ConsulClient.java:367)
	at org.springframework.cloud.consul.discovery.ConsulCatalogWatch.catalogServicesWatch(ConsulCatalogWatch.java:120)
	at org.springframework.cloud.consul.discovery.ConsulCatalogWatch$$Lambda$855/1115349385.run(Unknown Source)
	at org.springframework.scheduling.support.DelegatingErrorHandlingRunnable.run(DelegatingErrorHandlingRunnable.java:54)
	at java.util.concurrent.Executors$RunnableAdapter.call(Executors.java:511)
	at java.util.concurrent.FutureTask.runAndReset(FutureTask.java:308)
	at java.util.concurrent.ScheduledThreadPoolExecutor$ScheduledFutureTask.access$301(ScheduledThreadPoolExecutor.java:180)
	at java.util.concurrent.ScheduledThreadPoolExecutor$ScheduledFutureTask.run(ScheduledThreadPoolExecutor.java:294)
	at java.util.concurrent.ThreadPoolExecutor.runWorker(ThreadPoolExecutor.java:1142)
	at java.util.concurrent.ThreadPoolExecutor$Worker.run(ThreadPoolExecutor.java:617)
	at java.lang.Thread.run(Thread.java:745)

   Locked ownable synchronizers:
	- <0x00000000ccb7b9f8> (a java.util.concurrent.ThreadPoolExecutor$Worker)

"HikariPool-1 housekeeper" #20 daemon prio=5 os_prio=0 tid=0x00007f326d366800 nid=0x25 waiting on condition [0x00007f32207fb000]
   java.lang.Thread.State: TIMED_WAITING (parking)
	at sun.misc.Unsafe.park(Native Method)
	- parking to wait for  <0x00000000cbbdd7d0> (a java.util.concurrent.locks.AbstractQueuedSynchronizer$ConditionObject)
	at java.util.concurrent.locks.LockSupport.parkNanos(LockSupport.java:215)
	at java.util.concurrent.locks.AbstractQueuedSynchronizer$ConditionObject.awaitNanos(AbstractQueuedSynchronizer.java:2078)
	at java.util.concurrent.ScheduledThreadPoolExecutor$DelayedWorkQueue.take(ScheduledThreadPoolExecutor.java:1093)
	at java.util.concurrent.ScheduledThreadPoolExecutor$DelayedWorkQueue.take(ScheduledThreadPoolExecutor.java:809)
	at java.util.concurrent.ThreadPoolExecutor.getTask(ThreadPoolExecutor.java:1067)
	at java.util.concurrent.ThreadPoolExecutor.runWorker(ThreadPoolExecutor.java:1127)
	at java.util.concurrent.ThreadPoolExecutor$Worker.run(ThreadPoolExecutor.java:617)
	at java.lang.Thread.run(Thread.java:745)

   Locked ownable synchronizers:
	- None

"Abandoned connection cleanup thread" #19 daemon prio=5 os_prio=0 tid=0x00007f326d461000 nid=0x24 in Object.wait() [0x00007f3220afc000]
   java.lang.Thread.State: TIMED_WAITING (on object monitor)
	at java.lang.Object.wait(Native Method)
	at java.lang.ref.ReferenceQueue.remove(ReferenceQueue.java:143)
	- locked <0x00000000cbbdd800> (a java.lang.ref.ReferenceQueue$Lock)
	at com.mysql.jdbc.AbandonedConnectionCleanupThread.run(AbandonedConnectionCleanupThread.java:64)
	at java.util.concurrent.ThreadPoolExecutor.runWorker(ThreadPoolExecutor.java:1142)
	at java.util.concurrent.ThreadPoolExecutor$Worker.run(ThreadPoolExecutor.java:617)
	at java.lang.Thread.run(Thread.java:745)

   Locked ownable synchronizers:
	- <0x00000000cbb971e8> (a java.util.concurrent.ThreadPoolExecutor$Worker)

"spring.cloud.inetutils" #18 daemon prio=5 os_prio=0 tid=0x00007f326c746000 nid=0x23 waiting on condition [0x00007f3220ffd000]
   java.lang.Thread.State: WAITING (parking)
	at sun.misc.Unsafe.park(Native Method)
	- parking to wait for  <0x00000000cb8d2598> (a java.util.concurrent.locks.AbstractQueuedSynchronizer$ConditionObject)
	at java.util.concurrent.locks.LockSupport.park(LockSupport.java:175)
	at java.util.concurrent.locks.AbstractQueuedSynchronizer$ConditionObject.await(AbstractQueuedSynchronizer.java:2039)
	at java.util.concurrent.LinkedBlockingQueue.take(LinkedBlockingQueue.java:442)
	at java.util.concurrent.ThreadPoolExecutor.getTask(ThreadPoolExecutor.java:1067)
	at java.util.concurrent.ThreadPoolExecutor.runWorker(ThreadPoolExecutor.java:1127)
	at java.util.concurrent.ThreadPoolExecutor$Worker.run(ThreadPoolExecutor.java:617)
	at java.lang.Thread.run(Thread.java:745)

   Locked ownable synchronizers:
	- None

"SimplePauseDetectorThread_0" #17 daemon prio=9 os_prio=0 tid=0x00007f32240b8800 nid=0x22 sleeping[0x00007f3248105000]
   java.lang.Thread.State: TIMED_WAITING (sleeping)
	at java.lang.Thread.sleep(Native Method)
	at java.lang.Thread.sleep(Thread.java:340)
	at java.util.concurrent.TimeUnit.sleep(TimeUnit.java:386)
	at org.LatencyUtils.TimeServices.sleepNanos(TimeServices.java:62)
	at org.LatencyUtils.SimplePauseDetector$SimplePauseDetectorThread.run(SimplePauseDetector.java:116)

   Locked ownable synchronizers:
	- None

"Thread-4" #16 daemon prio=9 os_prio=0 tid=0x00007f32240aa800 nid=0x21 waiting on condition [0x00007f3248206000]
   java.lang.Thread.State: WAITING (parking)
	at sun.misc.Unsafe.park(Native Method)
	- parking to wait for  <0x00000000cb8b0ce8> (a java.util.concurrent.locks.AbstractQueuedSynchronizer$ConditionObject)
	at java.util.concurrent.locks.LockSupport.park(LockSupport.java:175)
	at java.util.concurrent.locks.AbstractQueuedSynchronizer$ConditionObject.await(AbstractQueuedSynchronizer.java:2039)
	at java.util.concurrent.LinkedBlockingQueue.take(LinkedBlockingQueue.java:442)
	at org.LatencyUtils.PauseDetector$PauseDetectorThread.run(PauseDetector.java:85)

   Locked ownable synchronizers:
	- None

"XNIO-1 Accept" #15 daemon prio=5 os_prio=0 tid=0x00007f326d2f3800 nid=0x20 runnable [0x00007f324a752000]
   java.lang.Thread.State: RUNNABLE
	at sun.nio.ch.EPollArrayWrapper.epollWait(Native Method)
	at sun.nio.ch.EPollArrayWrapper.poll(EPollArrayWrapper.java:269)
	at sun.nio.ch.EPollSelectorImpl.doSelect(EPollSelectorImpl.java:93)
	at sun.nio.ch.SelectorImpl.lockAndDoSelect(SelectorImpl.java:86)
	- locked <0x00000000cb740730> (a sun.nio.ch.Util$3)
	- locked <0x00000000cb740748> (a java.util.Collections$UnmodifiableSet)
	- locked <0x00000000cb720988> (a sun.nio.ch.EPollSelectorImpl)
	at sun.nio.ch.SelectorImpl.select(SelectorImpl.java:97)
	at sun.nio.ch.SelectorImpl.select(SelectorImpl.java:101)
	at org.xnio.nio.WorkerThread.run(WorkerThread.java:511)

   Locked ownable synchronizers:
	- None

"XNIO-1 I/O-1" #14 daemon prio=5 os_prio=0 tid=0x00007f326c236800 nid=0x1f runnable [0x00007f324ae87000]
   java.lang.Thread.State: RUNNABLE
	at sun.nio.ch.EPollArrayWrapper.epollWait(Native Method)
	at sun.nio.ch.EPollArrayWrapper.poll(EPollArrayWrapper.java:269)
	at sun.nio.ch.EPollSelectorImpl.doSelect(EPollSelectorImpl.java:93)
	at sun.nio.ch.SelectorImpl.lockAndDoSelect(SelectorImpl.java:86)
	- locked <0x00000000cb740910> (a sun.nio.ch.Util$3)
	- locked <0x00000000cb7408f8> (a java.util.Collections$UnmodifiableSet)
	- locked <0x00000000cb7209d0> (a sun.nio.ch.EPollSelectorImpl)
	at sun.nio.ch.SelectorImpl.select(SelectorImpl.java:97)
	at sun.nio.ch.SelectorImpl.select(SelectorImpl.java:101)
	at org.xnio.nio.WorkerThread.run(WorkerThread.java:511)

   Locked ownable synchronizers:
	- None

"Service Thread" #8 daemon prio=9 os_prio=0 tid=0x00007f326c15c000 nid=0x19 runnable [0x0000000000000000]
   java.lang.Thread.State: RUNNABLE

   Locked ownable synchronizers:
	- None

"C1 CompilerThread1" #7 daemon prio=9 os_prio=0 tid=0x00007f326c154800 nid=0x18 waiting on condition [0x0000000000000000]
   java.lang.Thread.State: RUNNABLE

   Locked ownable synchronizers:
	- None

"C2 CompilerThread0" #6 daemon prio=9 os_prio=0 tid=0x00007f326c152800 nid=0x17 waiting on condition [0x0000000000000000]
   java.lang.Thread.State: RUNNABLE

   Locked ownable synchronizers:
	- None

"Signal Dispatcher" #5 daemon prio=9 os_prio=0 tid=0x00007f326c150000 nid=0x16 runnable [0x0000000000000000]
   java.lang.Thread.State: RUNNABLE

   Locked ownable synchronizers:
	- None

"Surrogate Locker Thread (Concurrent GC)" #4 daemon prio=9 os_prio=0 tid=0x00007f326c14e000 nid=0x15 waiting on condition [0x0000000000000000]
   java.lang.Thread.State: RUNNABLE

   Locked ownable synchronizers:
	- None

"Finalizer" #3 daemon prio=8 os_prio=0 tid=0x00007f326c126000 nid=0x14 in Object.wait() [0x00007f324b6fd000]
   java.lang.Thread.State: WAITING (on object monitor)
	at java.lang.Object.wait(Native Method)
	at java.lang.ref.ReferenceQueue.remove(ReferenceQueue.java:143)
	- locked <0x00000000ca83d118> (a java.lang.ref.ReferenceQueue$Lock)
	at java.lang.ref.ReferenceQueue.remove(ReferenceQueue.java:164)
	at java.lang.ref.Finalizer$FinalizerThread.run(Finalizer.java:209)

   Locked ownable synchronizers:
	- None

"Reference Handler" #2 daemon prio=10 os_prio=0 tid=0x00007f326c121000 nid=0x13 in Object.wait() [0x00007f324b7fe000]
   java.lang.Thread.State: WAITING (on object monitor)
	at java.lang.Object.wait(Native Method)
	at java.lang.Object.wait(Object.java:502)
	at java.lang.ref.Reference.tryHandlePending(Reference.java:191)
	- locked <0x00000000ca83d148> (a java.lang.ref.Reference$Lock)
	at java.lang.ref.Reference$ReferenceHandler.run(Reference.java:153)

   Locked ownable synchronizers:
	- None

"VM Thread" os_prio=0 tid=0x00007f326c119800 nid=0x12 runnable 

"Gang worker#0 (Parallel GC Threads)" os_prio=0 tid=0x00007f326c01c800 nid=0xf runnable 

"Gang worker#1 (Parallel GC Threads)" os_prio=0 tid=0x00007f326c01e000 nid=0x10 runnable 

"Concurrent Mark-Sweep GC Thread" os_prio=0 tid=0x00007f326c04b800 nid=0x11 runnable 

"VM Periodic Task Thread" os_prio=0 tid=0x00007f326c15f000 nid=0x1a waiting on condition 

JNI global references: 2072

